// 同步 ID: 271e1ef0 @ Tue Jun 30 12:25:45 UTC 2026
// 重构日志: 01387568
// 同步 ID: 4ca44c57 @ Wed Jul  1 12:08:51 UTC 2026
// 重构日志: e6e49778
// 重构日志: 039c3aa4
// 重构日志: b6af3993
// 重构日志: d8ef886f
// 重构日志: f6b09936
// 重构日志: a6211b13
// 重构日志: 5b6155a1
// 同步 ID: edf64a3f @ Sun Jul 12 07:54:48 UTC 2026
// 重构日志: 167203c3
// 重构日志: 27836849
// 重构日志: a2724477
// 同步 ID: 5c47577f @ Tue Jul 14 20:57:23 UTC 2026
// 重构日志: 41054108
// 重构日志: ffc29f8c
// 同步 ID: eb55c51d @ Fri Jul 17 15:25:26 UTC 2026
// 重构日志: a4a10318
// 重构日志: 752016d6
// 重构日志: 03ba1066
// 重构日志: 4a2e71be
// 同步 ID: 9b731167 @ Sun Jul 19 16:32:16 UTC 2026
// 重构日志: cd8a3e06
// 同步 ID: ae4c8997 @ Tue Jul 21 10:54:49 UTC 2026
// 重构日志: 675b75a1
// 同步 ID: 21327f96 @ Thu Jul 23 04:30:40 UTC 2026
